DYMO.WebApi.Win.Host Information: 0 : Starting DYMO.WebApi.Win.Host 1.0.0.0
    DateTime=2021-12-01T17:04:28.4578928Z
DYMO.WebApi.Win.Host Information: 0 : Starting DYMO.WebApi.Win.Host 1.0.0.0
    DateTime=2021-12-01T17:04:28.5536686Z
DYMO.WebApi.Win.Host Information: 0 : Ready to call HostService
    DateTime=2021-12-01T17:04:28.7961300Z
DYMO.WebApi.Win.Host Information: 0 : ##### Start configuration builder
    DateTime=2021-12-01T17:04:29.1726977Z
DYMO.WebApi.Win.Host Information: 0 : ##### Get ports values
    DateTime=2021-12-01T17:04:29.1832945Z
DYMO.WebApi.Win.Host Information: 0 : ##### Check port availability
    DateTime=2021-12-01T17:04:29.1837002Z
DYMO.WebApi.Win.Host Information: 0 : ##### Process ID: 23140
    DateTime=2021-12-01T17:04:31.2943864Z
DYMO.WebApi.Win.Host Information: 0 : Starting DYMO.WebApi.Win.Host 1.0.0.0
    DateTime=2021-12-08T17:00:07.8889549Z
DYMO.WebApi.Win.Host Information: 0 : Starting DYMO.WebApi.Win.Host 1.0.0.0
    DateTime=2021-12-08T17:00:07.9126990Z
DYMO.WebApi.Win.Host Information: 0 : Ready to call HostService
    DateTime=2021-12-08T17:00:07.9966039Z
DYMO.WebApi.Win.Host Information: 0 : ##### Start configuration builder
    DateTime=2021-12-08T17:00:08.1857388Z
DYMO.WebApi.Win.Host Information: 0 : ##### Get ports values
    DateTime=2021-12-08T17:00:08.1871267Z
DYMO.WebApi.Win.Host Information: 0 : ##### Check port availability
    DateTime=2021-12-08T17:00:08.1874838Z
DYMO.WebApi.Win.Host Information: 0 : ##### Process ID: 20668
    DateTime=2021-12-08T17:00:10.2423024Z
DYMO.WebApi.Win.Host Information: 0 : Starting DYMO.WebApi.Win.Host 1.0.0.0
    DateTime=2021-12-15T16:59:52.0194263Z
DYMO.WebApi.Win.Host Information: 0 : Starting DYMO.WebApi.Win.Host 1.0.0.0
    DateTime=2021-12-15T16:59:52.0434345Z
DYMO.WebApi.Win.Host Information: 0 : Ready to call HostService
    DateTime=2021-12-15T16:59:52.1296256Z
DYMO.WebApi.Win.Host Information: 0 : ##### Start configuration builder
    DateTime=2021-12-15T16:59:52.3276021Z
DYMO.WebApi.Win.Host Information: 0 : ##### Get ports values
    DateTime=2021-12-15T16:59:52.3289898Z
DYMO.WebApi.Win.Host Information: 0 : ##### Check port availability
    DateTime=2021-12-15T16:59:52.3292794Z
DYMO.WebApi.Win.Host Information: 0 : ##### Process ID: 15776
    DateTime=2021-12-15T16:59:54.4128374Z
DYMO.WebApi.Win.Host Information: 0 : Starting DYMO.WebApi.Win.Host 1.0.0.0
    DateTime=2022-01-10T16:54:12.6950870Z
DYMO.WebApi.Win.Host Information: 0 : Starting DYMO.WebApi.Win.Host 1.0.0.0
    DateTime=2022-01-10T16:54:12.7219030Z
DYMO.WebApi.Win.Host Information: 0 : Ready to call HostService
    DateTime=2022-01-10T16:54:12.8089428Z
DYMO.WebApi.Win.Host Information: 0 : ##### Start configuration builder
    DateTime=2022-01-10T16:54:13.0077189Z
DYMO.WebApi.Win.Host Information: 0 : ##### Get ports values
    DateTime=2022-01-10T16:54:13.0091409Z
DYMO.WebApi.Win.Host Information: 0 : ##### Check port availability
    DateTime=2022-01-10T16:54:13.0095019Z
DYMO.WebApi.Win.Host Information: 0 : ##### Process ID: 19296
    DateTime=2022-01-10T16:54:15.0799289Z
DYMO.WebApi.Win.Host Information: 0 : Starting DYMO.WebApi.Win.Host 1.0.0.0
    DateTime=2022-01-12T17:02:22.8811121Z
DYMO.WebApi.Win.Host Information: 0 : Starting DYMO.WebApi.Win.Host 1.0.0.0
    DateTime=2022-01-12T17:02:22.9046187Z
DYMO.WebApi.Win.Host Information: 0 : Ready to call HostService
    DateTime=2022-01-12T17:02:22.9928972Z
DYMO.WebApi.Win.Host Information: 0 : ##### Start configuration builder
    DateTime=2022-01-12T17:02:23.1791153Z
DYMO.WebApi.Win.Host Information: 0 : ##### Get ports values
    DateTime=2022-01-12T17:02:23.1805393Z
DYMO.WebApi.Win.Host Information: 0 : ##### Check port availability
    DateTime=2022-01-12T17:02:23.1808504Z
DYMO.WebApi.Win.Host Information: 0 : ##### Process ID: 14324
    DateTime=2022-01-12T17:02:25.2364070Z
DYMO.WebApi.Win.Host Information: 0 : Starting DYMO.WebApi.Win.Host 1.0.0.0
    DateTime=2022-01-31T16:56:43.5585767Z
DYMO.WebApi.Win.Host Information: 0 : Starting DYMO.WebApi.Win.Host 1.0.0.0
    DateTime=2022-01-31T16:56:43.5852571Z
DYMO.WebApi.Win.Host Information: 0 : Ready to call HostService
    DateTime=2022-01-31T16:56:43.6924304Z
DYMO.WebApi.Win.Host Information: 0 : ##### Start configuration builder
    DateTime=2022-01-31T16:56:43.9285116Z
DYMO.WebApi.Win.Host Information: 0 : ##### Get ports values
    DateTime=2022-01-31T16:56:43.9301837Z
DYMO.WebApi.Win.Host Information: 0 : ##### Check port availability
    DateTime=2022-01-31T16:56:43.9306056Z
DYMO.WebApi.Win.Host Information: 0 : ##### Process ID: 49608
    DateTime=2022-01-31T16:56:46.0359052Z
DYMO.WebApi.Win.Host Information: 0 : Starting DYMO.WebApi.Win.Host 1.0.0.0
    DateTime=2022-02-04T18:10:29.5815123Z
DYMO.WebApi.Win.Host Information: 0 : Starting DYMO.WebApi.Win.Host 1.0.0.0
    DateTime=2022-02-04T18:10:29.6108706Z
DYMO.WebApi.Win.Host Information: 0 : Ready to call HostService
    DateTime=2022-02-04T18:10:29.6986340Z
DYMO.WebApi.Win.Host Information: 0 : ##### Start configuration builder
    DateTime=2022-02-04T18:10:29.8959605Z
DYMO.WebApi.Win.Host Information: 0 : ##### Get ports values
    DateTime=2022-02-04T18:10:29.8973355Z
DYMO.WebApi.Win.Host Information: 0 : ##### Check port availability
    DateTime=2022-02-04T18:10:29.8976648Z
DYMO.WebApi.Win.Host Information: 0 : ##### Process ID: 14156
    DateTime=2022-02-04T18:10:31.9520951Z
DYMO.WebApi.Win.Host Information: 0 : Starting DYMO.WebApi.Win.Host 1.0.0.0
    DateTime=2022-02-18T17:01:10.3205305Z
DYMO.WebApi.Win.Host Information: 0 : Starting DYMO.WebApi.Win.Host 1.0.0.0
    DateTime=2022-02-18T17:01:10.3483423Z
DYMO.WebApi.Win.Host Information: 0 : Ready to call HostService
    DateTime=2022-02-18T17:01:10.4585483Z
DYMO.WebApi.Win.Host Information: 0 : ##### Start configuration builder
    DateTime=2022-02-18T17:01:10.6894351Z
DYMO.WebApi.Win.Host Information: 0 : ##### Get ports values
    DateTime=2022-02-18T17:01:10.6911118Z
DYMO.WebApi.Win.Host Information: 0 : ##### Check port availability
    DateTime=2022-02-18T17:01:10.6915260Z
DYMO.WebApi.Win.Host Information: 0 : ##### Process ID: 38656
    DateTime=2022-02-18T17:01:12.7419680Z
DYMO.WebApi.Win.Host Information: 0 : Starting DYMO.WebApi.Win.Host 1.0.0.0
    DateTime=2022-02-25T17:03:40.7356560Z
DYMO.WebApi.Win.Host Information: 0 : Starting DYMO.WebApi.Win.Host 1.0.0.0
    DateTime=2022-02-25T17:03:40.7601603Z
DYMO.WebApi.Win.Host Information: 0 : Ready to call HostService
    DateTime=2022-02-25T17:03:40.8528215Z
DYMO.WebApi.Win.Host Information: 0 : ##### Start configuration builder
    DateTime=2022-02-25T17:03:41.0746622Z
DYMO.WebApi.Win.Host Information: 0 : ##### Get ports values
    DateTime=2022-02-25T17:03:41.0764214Z
DYMO.WebApi.Win.Host Information: 0 : ##### Check port availability
    DateTime=2022-02-25T17:03:41.0768582Z
DYMO.WebApi.Win.Host Information: 0 : ##### Process ID: 28208
    DateTime=2022-02-25T17:03:43.1499919Z
DYMO.WebApi.Win.Host Information: 0 : Starting DYMO.WebApi.Win.Host 1.0.0.0
    DateTime=2022-03-09T17:21:45.9822541Z
DYMO.WebApi.Win.Host Information: 0 : Starting DYMO.WebApi.Win.Host 1.0.0.0
    DateTime=2022-03-09T17:21:46.0057307Z
DYMO.WebApi.Win.Host Information: 0 : Ready to call HostService
    DateTime=2022-03-09T17:21:46.0996124Z
DYMO.WebApi.Win.Host Information: 0 : ##### Start configuration builder
    DateTime=2022-03-09T17:21:46.3066190Z
DYMO.WebApi.Win.Host Information: 0 : ##### Get ports values
    DateTime=2022-03-09T17:21:46.3081243Z
DYMO.WebApi.Win.Host Information: 0 : ##### Check port availability
    DateTime=2022-03-09T17:21:46.3085414Z
DYMO.WebApi.Win.Host Information: 0 : ##### Process ID: 17336
    DateTime=2022-03-09T17:21:48.3592663Z
DYMO.WebApi.Win.Host Information: 0 : Starting DYMO.WebApi.Win.Host 1.0.0.0
    DateTime=2022-03-21T16:05:41.6832814Z
DYMO.WebApi.Win.Host Information: 0 : Starting DYMO.WebApi.Win.Host 1.0.0.0
    DateTime=2022-03-21T16:05:41.7067449Z
DYMO.WebApi.Win.Host Information: 0 : Ready to call HostService
    DateTime=2022-03-21T16:05:41.8008289Z
DYMO.WebApi.Win.Host Information: 0 : ##### Start configuration builder
    DateTime=2022-03-21T16:05:42.0261254Z
DYMO.WebApi.Win.Host Information: 0 : ##### Get ports values
    DateTime=2022-03-21T16:05:42.0278492Z
DYMO.WebApi.Win.Host Information: 0 : ##### Check port availability
    DateTime=2022-03-21T16:05:42.0282998Z
DYMO.WebApi.Win.Host Information: 0 : ##### Process ID: 35064
    DateTime=2022-03-21T16:05:44.1075802Z
